[    41.496] (WW) Failed to open protocol names file lib/xorg/protocol.txt
[    41.497] 
X.Org X Server 1.20.11
X Protocol Version 11, Revision 0
[    41.497] Build Operating System: Linux Archlinux
[    41.497] Current Operating System: Linux arch 5.12.1-arch1-1 #1 SMP PREEMPT Sun, 02 May 2021 12:43:58 +0000 x86_64
[    41.497] Kernel command line: BOOT_IMAGE=/@/boot/vmlinuz-linux root=UUID=bf39ee8d-0f53-48ef-8cce-8834e40b80ed rw rootflags=subvol=@ loglevel=3 quiet
[    41.497] Build Date: 13 April 2021  03:12:10PM
[    41.497]  
[    41.498] Current version of pixman: 0.40.0
[    41.498] 	Before reporting problems, check http://wiki.x.org
	to make sure that you have the latest version.
[    41.498] Markers: (--) probed, (**) from config file, (==) default setting,
	(++) from command line, (!!) notice, (II) informational,
	(WW) warning, (EE) error, (NI) not implemented, (??) unknown.
[    41.499] (==) Log file: "/home/eckzen/.local/share/xorg/Xorg.0.log", Time: Sat May  8 18:17:50 2021
[    41.500] (==) Using config directory: "/etc/X11/xorg.conf.d"
[    41.500] (==) Using system config directory "/usr/share/X11/xorg.conf.d"
[    41.500] (==) No Layout section.  Using the first Screen section.
[    41.500] (==) No screen section available. Using defaults.
[    41.500] (**) |-->Screen "Default Screen Section" (0)
[    41.500] (**) |   |-->Monitor "<default monitor>"
[    41.501] (==) No device specified for screen "Default Screen Section".
	Using the first device section listed.
[    41.501] (**) |   |-->Device "Intel Graphics"
[    41.501] (==) No monitor specified for screen "Default Screen Section".
	Using a default monitor configuration.
[    41.501] (==) Automatically adding devices
[    41.501] (==) Automatically enabling devices
[    41.501] (==) Automatically adding GPU devices
[    41.501] (==) Automatically binding GPU devices
[    41.501] (==) Max clients allowed: 256, resource mask: 0x1fffff
[    41.501] (WW) The directory "/usr/share/fonts/OTF" does not exist.
[    41.501] 	Entry deleted from font path.
[    41.501] (WW) The directory "/usr/share/fonts/Type1" does not exist.
[    41.501] 	Entry deleted from font path.
[    41.504] (==) FontPath set to:
	/usr/share/fonts/misc,
	/usr/share/fonts/TTF,
	/usr/share/fonts/100dpi,
	/usr/share/fonts/75dpi
[    41.504] (==) ModulePath set to "/usr/lib/xorg/modules"
[    41.504] (II) The server relies on udev to provide the list of input devices.
	If no devices become available, reconfigure udev or disable AutoAddDevices.
[    41.504] (II) Module ABI versions:
[    41.504] 	X.Org ANSI C Emulation: 0.4
[    41.504] 	X.Org Video Driver: 24.1
[    41.504] 	X.Org XInput driver : 24.1
[    41.504] 	X.Org Server Extension : 10.0
[    41.505] (++) using VT number 1

[    41.509] (II) systemd-logind: took control of session /org/freedesktop/login1/session/_31
[    41.511] (II) xfree86: Adding drm device (/dev/dri/card0)
[    41.512] (II) systemd-logind: got fd for /dev/dri/card0 226:0 fd 10 paused 0
[    41.517] (--) PCI:*(0@0:2:0) 8086:1916:103c:8079 rev 7, Mem @ 0xe0000000/16777216, 0xd0000000/268435456, I/O @ 0x00003000/64, BIOS @ 0x????????/131072
[    41.517] (II) Open ACPI successful (/var/run/acpid.socket)
[    41.517] (II) LoadModule: "glx"
[    41.518] (II) Loading /usr/lib/xorg/modules/extensions/libglx.so
[    41.533] (II) Module glx: vendor="X.Org Foundation"
[    41.533] 	compiled for 1.20.11, module version = 1.0.0
[    41.533] 	ABI class: X.Org Server Extension, version 10.0
[    41.533] (II) LoadModule: "intel"
[    41.533] (II) Loading /usr/lib/xorg/modules/drivers/intel_drv.so
[    41.542] (II) Module intel: vendor="X.Org Foundation"
[    41.542] 	compiled for 1.20.10, module version = 2.99.917
[    41.542] 	Module class: X.Org Video Driver
[    41.542] 	ABI class: X.Org Video Driver, version 24.1
[    41.542] (II) intel: Driver for Intel(R) Integrated Graphics Chipsets:
	i810, i810-dc100, i810e, i815, i830M, 845G, 854, 852GM/855GM, 865G,
	915G, E7221 (i915), 915GM, 945G, 945GM, 945GME, Pineview GM,
	Pineview G, 965G, G35, 965Q, 946GZ, 965GM, 965GME/GLE, G33, Q35, Q33,
	GM45, 4 Series, G45/G43, Q45/Q43, G41, B43
[    41.543] (II) intel: Driver for Intel(R) HD Graphics
[    41.543] (II) intel: Driver for Intel(R) Iris(TM) Graphics
[    41.543] (II) intel: Driver for Intel(R) Iris(TM) Pro Graphics
[    41.543] xf86EnableIOPorts: failed to set IOPL for I/O (Operation not permitted)
[    41.543] (II) intel(0): Using Kernel Mode Setting driver: i915, version 1.6.0 20201103
[    41.543] (II) intel(0): SNA compiled from 2.99.917-916-g31486f40
[    41.558] (WW) VGA arbiter: cannot open kernel arbiter, no multi-card support
[    41.558] (--) intel(0): Integrated Graphics Chipset: Intel(R) HD Graphics 520
[    41.558] (--) intel(0): CPU: x86-64, sse2, sse3, ssse3, sse4.1, sse4.2, avx, avx2; using a maximum of 2 threads
[    41.558] (II) intel(0): Creating default Display subsection in Screen section
	"Default Screen Section" for depth/fbbpp 24/32
[    41.558] (==) intel(0): Depth 24, (--) framebuffer bpp 32
[    41.558] (==) intel(0): RGB weight 888
[    41.558] (==) intel(0): Default visual is TrueColor
[    41.558] (**) intel(0): Option "TearFree" "true"
[    41.560] (II) intel(0): Output eDP1 has no monitor section
[    41.561] (**) intel(0): Found backlight control interface intel_backlight (type 'raw') for output eDP1
[    41.561] (II) intel(0): Enabled output eDP1
[    41.561] (II) intel(0): Output DP1 has no monitor section
[    41.561] (II) intel(0): Enabled output DP1
[    41.561] (II) intel(0): Output HDMI1 has no monitor section
[    41.562] (II) intel(0): Enabled output HDMI1
[    41.562] (II) intel(0): Output DP2 has no monitor section
[    41.562] (II) intel(0): Enabled output DP2
[    41.562] (II) intel(0): Output HDMI2 has no monitor section
[    41.562] (II) intel(0): Enabled output HDMI2
[    41.563] (--) intel(0): Using a maximum size of 256x256 for hardware cursors
[    41.563] (II) intel(0): Output VIRTUAL1 has no monitor section
[    41.563] (II) intel(0): Enabled output VIRTUAL1
[    41.563] (--) intel(0): Output eDP1 using initial mode 1920x1080 on pipe 0
[    41.563] (--) intel(0): Output DP2 using initial mode 1920x1080 on pipe 1
[    41.563] (**) intel(0): TearFree enabled
[    41.563] (==) intel(0): Using gamma correction (1.0, 1.0, 1.0)
[    41.563] (==) intel(0): DPI set to (96, 96)
[    41.563] (II) Loading sub module "dri3"
[    41.563] (II) LoadModule: "dri3"
[    41.563] (II) Module "dri3" already built-in
[    41.563] (II) Loading sub module "dri2"
[    41.563] (II) LoadModule: "dri2"
[    41.563] (II) Module "dri2" already built-in
[    41.563] (II) Loading sub module "present"
[    41.563] (II) LoadModule: "present"
[    41.563] (II) Module "present" already built-in
[    41.564] (II) intel(0): SNA initialized with Skylake (gen9) backend
[    41.564] (==) intel(0): Backing store enabled
[    41.564] (==) intel(0): Silken mouse disabled
[    41.564] (II) intel(0): HW Cursor enabled
[    41.565] (==) intel(0): DPMS enabled
[    41.565] (==) intel(0): Display hotplug detection enabled
[    41.565] (II) intel(0): [DRI2] Setup complete
[    41.565] (II) intel(0): [DRI2]   DRI driver: i965
[    41.565] (II) intel(0): [DRI2]   VDPAU driver: va_gl
[    41.565] (II) intel(0): direct rendering: DRI2 DRI3 enabled
[    41.565] (II) intel(0): hardware support for Present enabled
[    41.565] (II) Initializing extension Generic Event Extension
[    41.565] (II) Initializing extension SHAPE
[    41.565] (II) Initializing extension MIT-SHM
[    41.565] (II) Initializing extension XInputExtension
[    41.566] (II) Initializing extension XTEST
[    41.566] (II) Initializing extension BIG-REQUESTS
[    41.566] (II) Initializing extension SYNC
[    41.566] (II) Initializing extension XKEYBOARD
[    41.566] (II) Initializing extension XC-MISC
[    41.566] (II) Initializing extension SECURITY
[    41.566] (II) Initializing extension XFIXES
[    41.566] (II) Initializing extension RENDER
[    41.566] (II) Initializing extension RANDR
[    41.566] (II) Initializing extension COMPOSITE
[    41.566] (II) Initializing extension DAMAGE
[    41.566] (II) Initializing extension MIT-SCREEN-SAVER
[    41.566] (II) Initializing extension DOUBLE-BUFFER
[    41.566] (II) Initializing extension RECORD
[    41.566] (II) Initializing extension DPMS
[    41.566] (II) Initializing extension Present
[    41.566] (II) Initializing extension DRI3
[    41.566] (II) Initializing extension X-Resource
[    41.566] (II) Initializing extension XVideo
[    41.566] (II) Initializing extension XVideo-MotionCompensation
[    41.566] (II) Initializing extension GLX
[    41.642] (II) AIGLX: Loaded and initialized i965
[    41.642] (II) GLX: Initialized DRI2 GL provider for screen 0
[    41.642] (II) Initializing extension XFree86-VidModeExtension
[    41.642] (II) Initializing extension XFree86-DGA
[    41.642] (II) Initializing extension XFree86-DRI
[    41.642] (II) Initializing extension DRI2
[    41.648] (II) intel(0): switch to mode 1920x1080@60.0 on eDP1 using pipe 0, position (0, 0), rotation normal, reflection none
[    41.665] (II) intel(0): switch to mode 1920x1080@60.0 on DP2 using pipe 1, position (0, 0), rotation normal, reflection none
[    41.675] (II) intel(0): Setting screen physical size to 508 x 285
[    41.864] (II) config/udev: Adding input device Power Button (/dev/input/event2)
[    41.864] (**) Power Button: Applying InputClass "libinput keyboard catchall"
[    41.864] (II) LoadModule: "libinput"
[    41.864] (II) Loading /usr/lib/xorg/modules/input/libinput_drv.so
[    41.873] (II) Module libinput: vendor="X.Org Foundation"
[    41.873] 	compiled for 1.20.11, module version = 1.0.1
[    41.873] 	Module class: X.Org XInput Driver
[    41.873] 	ABI class: X.Org XInput driver, version 24.1
[    41.873] (II) Using input driver 'libinput' for 'Power Button'
[    41.875] (II) systemd-logind: got fd for /dev/input/event2 13:66 fd 18 paused 0
[    41.875] (**) Power Button: always reports core events
[    41.875] (**) Option "Device" "/dev/input/event2"
[    41.875] (**) Option "_source" "server/udev"
[    41.882] (II) event2  - Power Button: is tagged by udev as: Keyboard
[    41.882] (II) event2  - Power Button: device is a keyboard
[    41.883] (II) event2  - Power Button: device removed
[    41.883] (**) Option "config_info" "udev:/sys/devices/LNXSYSTM:00/LNXPWRBN:00/input/input2/event2"
[    41.883] (II) XINPUT: Adding extended input device "Power Button" (type: KEYBOARD, id 6)
[    41.884] (II) event2  - Power Button: is tagged by udev as: Keyboard
[    41.885] (II) event2  - Power Button: device is a keyboard
[    41.886] (II) config/udev: Adding input device Video Bus (/dev/input/event6)
[    41.886] (**) Video Bus: Applying InputClass "libinput keyboard catchall"
[    41.886] (II) Using input driver 'libinput' for 'Video Bus'
[    41.887] (II) systemd-logind: got fd for /dev/input/event6 13:70 fd 21 paused 0
[    41.888] (**) Video Bus: always reports core events
[    41.888] (**) Option "Device" "/dev/input/event6"
[    41.888] (**) Option "_source" "server/udev"
[    41.889] (II) event6  - Video Bus: is tagged by udev as: Keyboard
[    41.890] (II) event6  - Video Bus: device is a keyboard
[    41.890] (II) event6  - Video Bus: device removed
[    41.890] (**) Option "config_info" "udev:/sys/devices/LNXSYSTM:00/LNXSYBUS:00/PNP0A08:00/LNXVIDEO:00/input/input12/event6"
[    41.890] (II) XINPUT: Adding extended input device "Video Bus" (type: KEYBOARD, id 7)
[    41.892] (II) event6  - Video Bus: is tagged by udev as: Keyboard
[    41.892] (II) event6  - Video Bus: device is a keyboard
[    41.893] (II) config/udev: Adding input device Lid Switch (/dev/input/event1)
[    41.893] (II) No input driver specified, ignoring this device.
[    41.893] (II) This device may have been added with another device file.
[    41.894] (II) config/udev: Adding input device Sleep Button (/dev/input/event0)
[    41.895] (**) Sleep Button: Applying InputClass "libinput keyboard catchall"
[    41.895] (II) Using input driver 'libinput' for 'Sleep Button'
[    41.896] (II) systemd-logind: got fd for /dev/input/event0 13:64 fd 22 paused 0
[    41.896] (**) Sleep Button: always reports core events
[    41.896] (**) Option "Device" "/dev/input/event0"
[    41.896] (**) Option "_source" "server/udev"
[    41.898] (II) event0  - Sleep Button: is tagged by udev as: Keyboard
[    41.898] (II) event0  - Sleep Button: device is a keyboard
[    41.898] (II) event0  - Sleep Button: device removed
[    41.898] (**) Option "config_info" "udev:/sys/devices/LNXSYSTM:00/LNXSYBUS:00/PNP0C0E:00/input/input0/event0"
[    41.898] (II) XINPUT: Adding extended input device "Sleep Button" (type: KEYBOARD, id 8)
[    41.900] (II) event0  - Sleep Button: is tagged by udev as: Keyboard
[    41.900] (II) event0  - Sleep Button: device is a keyboard
[    41.903] (II) config/udev: Adding input device 2.4G Wireless Mouse (/dev/input/event20)
[    41.903] (II) No input driver specified, ignoring this device.
[    41.903] (II) This device may have been added with another device file.
[    41.905] (II) config/udev: Adding input device 2.4G Wireless Mouse (/dev/input/event21)
[    41.905] (**) 2.4G Wireless Mouse: Applying InputClass "libinput pointer catchall"
[    41.905] (II) Using input driver 'libinput' for '2.4G Wireless Mouse'
[    41.961] (II) systemd-logind: got fd for /dev/input/event21 13:85 fd 23 paused 0
[    41.961] (**) 2.4G Wireless Mouse: always reports core events
[    41.961] (**) Option "Device" "/dev/input/event21"
[    41.961] (**) Option "_source" "server/udev"
[    41.965] (II) event21 - 2.4G Wireless Mouse: is tagged by udev as: Mouse
[    41.965] (II) event21 - 2.4G Wireless Mouse: device is a pointer
[    41.966] (II) event21 - 2.4G Wireless Mouse: device removed
[    41.966] (**) Option "config_info" "udev:/sys/devices/pci0000:00/0000:00:14.0/usb1/1-2/1-2.1/1-2.1:1.0/0003:1EA7:0064.0001/input/input26/event21"
[    41.966] (II) XINPUT: Adding extended input device "2.4G Wireless Mouse" (type: MOUSE, id 9)
[    41.966] (**) Option "AccelerationScheme" "none"
[    41.966] (**) 2.4G Wireless Mouse: (accel) selected scheme none/0
[    41.966] (**) 2.4G Wireless Mouse: (accel) acceleration factor: 2.000
[    41.966] (**) 2.4G Wireless Mouse: (accel) acceleration threshold: 4
[    41.970] (II) event21 - 2.4G Wireless Mouse: is tagged by udev as: Mouse
[    41.970] (II) event21 - 2.4G Wireless Mouse: device is a pointer
[    41.972] (II) config/udev: Adding input device 2.4G Wireless Mouse (/dev/input/mouse2)
[    41.972] (II) No input driver specified, ignoring this device.
[    41.972] (II) This device may have been added with another device file.
[    41.974] (II) config/udev: Adding input device USB Keyboard (/dev/input/event22)
[    41.974] (**) USB Keyboard: Applying InputClass "libinput keyboard catchall"
[    41.974] (II) Using input driver 'libinput' for 'USB Keyboard'
[    41.975] (II) systemd-logind: got fd for /dev/input/event22 13:86 fd 24 paused 0
[    41.975] (**) USB Keyboard: always reports core events
[    41.975] (**) Option "Device" "/dev/input/event22"
[    41.976] (**) Option "_source" "server/udev"
[    41.979] (II) event22 - USB Keyboard: is tagged by udev as: Keyboard
[    41.979] (II) event22 - USB Keyboard: device is a keyboard
[    41.979] (II) event22 - USB Keyboard: device removed
[    41.979] (**) Option "config_info" "udev:/sys/devices/pci0000:00/0000:00:14.0/usb1/1-2/1-2.2/1-2.2:1.0/0003:0C45:7603.0002/input/input28/event22"
[    41.979] (II) XINPUT: Adding extended input device "USB Keyboard" (type: KEYBOARD, id 10)
[    41.983] (II) event22 - USB Keyboard: is tagged by udev as: Keyboard
[    41.983] (II) event22 - USB Keyboard: device is a keyboard
[    41.985] (II) config/udev: Adding input device USB Keyboard Consumer Control (/dev/input/event23)
[    41.985] (**) USB Keyboard Consumer Control: Applying InputClass "libinput keyboard catchall"
[    41.985] (II) Using input driver 'libinput' for 'USB Keyboard Consumer Control'
[    41.987] (II) systemd-logind: got fd for /dev/input/event23 13:87 fd 25 paused 0
[    41.987] (**) USB Keyboard Consumer Control: always reports core events
[    41.987] (**) Option "Device" "/dev/input/event23"
[    41.987] (**) Option "_source" "server/udev"
[    41.990] (II) event23 - USB Keyboard Consumer Control: is tagged by udev as: Keyboard
[    41.990] (II) event23 - USB Keyboard Consumer Control: device is a keyboard
[    41.991] (II) event23 - USB Keyboard Consumer Control: device removed
[    41.991] (II) libinput: USB Keyboard Consumer Control: needs a virtual subdevice
[    41.991] (**) Option "config_info" "udev:/sys/devices/pci0000:00/0000:00:14.0/usb1/1-2/1-2.2/1-2.2:1.1/0003:0C45:7603.0003/input/input29/event23"
[    41.991] (II) XINPUT: Adding extended input device "USB Keyboard Consumer Control" (type: MOUSE, id 11)
[    41.991] (**) Option "AccelerationScheme" "none"
[    41.991] (**) USB Keyboard Consumer Control: (accel) selected scheme none/0
[    41.991] (**) USB Keyboard Consumer Control: (accel) acceleration factor: 2.000
[    41.991] (**) USB Keyboard Consumer Control: (accel) acceleration threshold: 4
[    41.994] (II) event23 - USB Keyboard Consumer Control: is tagged by udev as: Keyboard
[    41.994] (II) event23 - USB Keyboard Consumer Control: device is a keyboard
[    41.996] (II) config/udev: Adding input device USB Keyboard System Control (/dev/input/event24)
[    41.996] (**) USB Keyboard System Control: Applying InputClass "libinput keyboard catchall"
[    41.997] (II) Using input driver 'libinput' for 'USB Keyboard System Control'
[    41.998] (II) systemd-logind: got fd for /dev/input/event24 13:88 fd 26 paused 0
[    41.998] (**) USB Keyboard System Control: always reports core events
[    41.998] (**) Option "Device" "/dev/input/event24"
[    41.998] (**) Option "_source" "server/udev"
[    42.001] (II) event24 - USB Keyboard System Control: is tagged by udev as: Keyboard
[    42.001] (II) event24 - USB Keyboard System Control: device is a keyboard
[    42.002] (II) event24 - USB Keyboard System Control: device removed
[    42.002] (**) Option "config_info" "udev:/sys/devices/pci0000:00/0000:00:14.0/usb1/1-2/1-2.2/1-2.2:1.1/0003:0C45:7603.0003/input/input30/event24"
[    42.002] (II) XINPUT: Adding extended input device "USB Keyboard System Control" (type: KEYBOARD, id 12)
[    42.005] (II) event24 - USB Keyboard System Control: is tagged by udev as: Keyboard
[    42.005] (II) event24 - USB Keyboard System Control: device is a keyboard
[    42.008] (II) config/udev: Adding input device USB Keyboard (/dev/input/event25)
[    42.008] (**) USB Keyboard: Applying InputClass "libinput keyboard catchall"
[    42.008] (II) Using input driver 'libinput' for 'USB Keyboard'
[    42.009] (II) systemd-logind: got fd for /dev/input/event25 13:89 fd 27 paused 0
[    42.009] (**) USB Keyboard: always reports core events
[    42.009] (**) Option "Device" "/dev/input/event25"
[    42.009] (**) Option "_source" "server/udev"
[    42.012] (II) event25 - USB Keyboard: is tagged by udev as: Keyboard
[    42.013] (II) event25 - USB Keyboard: device is a keyboard
[    42.013] (II) event25 - USB Keyboard: device removed
[    42.013] (**) Option "config_info" "udev:/sys/devices/pci0000:00/0000:00:14.0/usb1/1-2/1-2.2/1-2.2:1.1/0003:0C45:7603.0003/input/input32/event25"
[    42.013] (II) XINPUT: Adding extended input device "USB Keyboard" (type: KEYBOARD, id 13)
[    42.016] (II) event25 - USB Keyboard: is tagged by udev as: Keyboard
[    42.017] (II) event25 - USB Keyboard: device is a keyboard
[    42.019] (II) config/udev: Adding input device HP HD Camera: HP HD Camera (/dev/input/event18)
[    42.019] (**) HP HD Camera: HP HD Camera: Applying InputClass "libinput keyboard catchall"
[    42.019] (II) Using input driver 'libinput' for 'HP HD Camera: HP HD Camera'
[    42.020] (II) systemd-logind: got fd for /dev/input/event18 13:82 fd 28 paused 0
[    42.020] (**) HP HD Camera: HP HD Camera: always reports core events
[    42.020] (**) Option "Device" "/dev/input/event18"
[    42.020] (**) Option "_source" "server/udev"
[    42.023] (II) event18 - HP HD Camera: HP HD Camera: is tagged by udev as: Keyboard
[    42.023] (II) event18 - HP HD Camera: HP HD Camera: device is a keyboard
[    42.023] (II) event18 - HP HD Camera: HP HD Camera: device removed
[    42.023] (**) Option "config_info" "udev:/sys/devices/pci0000:00/0000:00:14.0/usb1/1-9/1-9:1.0/input/input24/event18"
[    42.023] (II) XINPUT: Adding extended input device "HP HD Camera: HP HD Camera" (type: KEYBOARD, id 14)
[    42.026] (II) event18 - HP HD Camera: HP HD Camera: is tagged by udev as: Keyboard
[    42.026] (II) event18 - HP HD Camera: HP HD Camera: device is a keyboard
[    42.028] (II) config/udev: Adding input device HDA Intel PCH Mic (/dev/input/event7)
[    42.028] (II) No input driver specified, ignoring this device.
[    42.028] (II) This device may have been added with another device file.
[    42.029] (II) config/udev: Adding input device HDA Intel PCH Line (/dev/input/event8)
[    42.029] (II) No input driver specified, ignoring this device.
[    42.029] (II) This device may have been added with another device file.
[    42.029] (II) config/udev: Adding input device HDA Intel PCH Dock Line Out (/dev/input/event9)
[    42.029] (II) No input driver specified, ignoring this device.
[    42.030] (II) This device may have been added with another device file.
[    42.030] (II) config/udev: Adding input device HDA Intel PCH Headphone (/dev/input/event10)
[    42.030] (II) No input driver specified, ignoring this device.
[    42.030] (II) This device may have been added with another device file.
[    42.031] (II) config/udev: Adding input device HDA Intel PCH HDMI/DP,pcm=3 (/dev/input/event11)
[    42.031] (II) No input driver specified, ignoring this device.
[    42.031] (II) This device may have been added with another device file.
[    42.032] (II) config/udev: Adding input device HDA Intel PCH HDMI/DP,pcm=7 (/dev/input/event12)
[    42.032] (II) No input driver specified, ignoring this device.
[    42.032] (II) This device may have been added with another device file.
[    42.033] (II) config/udev: Adding input device HDA Intel PCH HDMI/DP,pcm=8 (/dev/input/event13)
[    42.033] (II) No input driver specified, ignoring this device.
[    42.033] (II) This device may have been added with another device file.
[    42.034] (II) config/udev: Adding input device HDA Intel PCH HDMI/DP,pcm=9 (/dev/input/event14)
[    42.034] (II) No input driver specified, ignoring this device.
[    42.034] (II) This device may have been added with another device file.
[    42.035] (II) config/udev: Adding input device HDA Intel PCH HDMI/DP,pcm=10 (/dev/input/event15)
[    42.035] (II) No input driver specified, ignoring this device.
[    42.035] (II) This device may have been added with another device file.
[    42.036] (II) config/udev: Adding input device AT Translated Set 2 keyboard (/dev/input/event3)
[    42.036] (**) AT Translated Set 2 keyboard: Applying InputClass "libinput keyboard catchall"
[    42.036] (II) Using input driver 'libinput' for 'AT Translated Set 2 keyboard'
[    42.037] (II) systemd-logind: got fd for /dev/input/event3 13:67 fd 29 paused 0
[    42.038] (**) AT Translated Set 2 keyboard: always reports core events
[    42.038] (**) Option "Device" "/dev/input/event3"
[    42.038] (**) Option "_source" "server/udev"
[    42.039] (II) event3  - AT Translated Set 2 keyboard: is tagged by udev as: Keyboard
[    42.040] (II) event3  - AT Translated Set 2 keyboard: device is a keyboard
[    42.041] (II) event3  - AT Translated Set 2 keyboard: device removed
[    42.041] (**) Option "config_info" "udev:/sys/devices/platform/i8042/serio0/input/input3/event3"
[    42.041] (II) XINPUT: Adding extended input device "AT Translated Set 2 keyboard" (type: KEYBOARD, id 15)
[    42.043] (II) event3  - AT Translated Set 2 keyboard: is tagged by udev as: Keyboard
[    42.044] (II) event3  - AT Translated Set 2 keyboard: device is a keyboard
[    42.046] (II) config/udev: Adding input device PS/2 Generic Mouse (/dev/input/event16)
[    42.047] (**) PS/2 Generic Mouse: Applying InputClass "libinput pointer catchall"
[    42.047] (II) Using input driver 'libinput' for 'PS/2 Generic Mouse'
[    42.048] (II) systemd-logind: got fd for /dev/input/event16 13:80 fd 30 paused 0
[    42.048] (**) PS/2 Generic Mouse: always reports core events
[    42.048] (**) Option "Device" "/dev/input/event16"
[    42.048] (**) Option "_source" "server/udev"
[    42.050] (II) event16 - PS/2 Generic Mouse: is tagged by udev as: Mouse
[    42.050] (II) event16 - PS/2 Generic Mouse: device is a pointer
[    42.051] (II) event16 - PS/2 Generic Mouse: device removed
[    42.051] (**) Option "config_info" "udev:/sys/devices/platform/i8042/serio2/input/input10/event16"
[    42.051] (II) XINPUT: Adding extended input device "PS/2 Generic Mouse" (type: MOUSE, id 16)
[    42.051] (**) Option "AccelerationScheme" "none"
[    42.051] (**) PS/2 Generic Mouse: (accel) selected scheme none/0
[    42.051] (**) PS/2 Generic Mouse: (accel) acceleration factor: 2.000
[    42.051] (**) PS/2 Generic Mouse: (accel) acceleration threshold: 4
[    42.053] (II) event16 - PS/2 Generic Mouse: is tagged by udev as: Mouse
[    42.053] (II) event16 - PS/2 Generic Mouse: device is a pointer
[    42.055] (II) config/udev: Adding input device PS/2 Generic Mouse (/dev/input/mouse0)
[    42.055] (II) No input driver specified, ignoring this device.
[    42.055] (II) This device may have been added with another device file.
[    42.056] (II) config/udev: Adding input device SynPS/2 Synaptics TouchPad (/dev/input/event19)
[    42.056] (**) SynPS/2 Synaptics TouchPad: Applying InputClass "libinput touchpad catchall"
[    42.056] (II) Using input driver 'libinput' for 'SynPS/2 Synaptics TouchPad'
[    42.057] (II) systemd-logind: got fd for /dev/input/event19 13:83 fd 31 paused 0
[    42.057] (**) SynPS/2 Synaptics TouchPad: always reports core events
[    42.057] (**) Option "Device" "/dev/input/event19"
[    42.057] (**) Option "_source" "server/udev"
[    42.059] (II) event19 - SynPS/2 Synaptics TouchPad: is tagged by udev as: Touchpad
[    42.061] (II) event19 - SynPS/2 Synaptics TouchPad: device is a touchpad
[    42.062] (II) event19 - SynPS/2 Synaptics TouchPad: device removed
[    42.062] (**) Option "config_info" "udev:/sys/devices/platform/i8042/serio3/input/input22/event19"
[    42.062] (II) XINPUT: Adding extended input device "SynPS/2 Synaptics TouchPad" (type: TOUCHPAD, id 17)
[    42.063] (**) Option "AccelerationScheme" "none"
[    42.063] (**) SynPS/2 Synaptics TouchPad: (accel) selected scheme none/0
[    42.063] (**) SynPS/2 Synaptics TouchPad: (accel) acceleration factor: 2.000
[    42.063] (**) SynPS/2 Synaptics TouchPad: (accel) acceleration threshold: 4
[    42.065] (II) event19 - SynPS/2 Synaptics TouchPad: is tagged by udev as: Touchpad
[    42.068] (II) event19 - SynPS/2 Synaptics TouchPad: device is a touchpad
[    42.069] (II) config/udev: Adding input device SynPS/2 Synaptics TouchPad (/dev/input/mouse1)
[    42.069] (II) No input driver specified, ignoring this device.
[    42.069] (II) This device may have been added with another device file.
[    42.070] (II) config/udev: Adding input device ST LIS3LV02DL Accelerometer (/dev/input/event17)
[    42.070] (II) No input driver specified, ignoring this device.
[    42.070] (II) This device may have been added with another device file.
[    42.071] (II) config/udev: Adding input device ST LIS3LV02DL Accelerometer (/dev/input/js0)
[    42.071] (II) No input driver specified, ignoring this device.
[    42.071] (II) This device may have been added with another device file.
[    42.076] (II) config/udev: Adding input device HP WMI hotkeys (/dev/input/event5)
[    42.076] (**) HP WMI hotkeys: Applying InputClass "libinput keyboard catchall"
[    42.076] (II) Using input driver 'libinput' for 'HP WMI hotkeys'
[    42.077] (II) systemd-logind: got fd for /dev/input/event5 13:69 fd 32 paused 0
[    42.078] (**) HP WMI hotkeys: always reports core events
[    42.078] (**) Option "Device" "/dev/input/event5"
[    42.078] (**) Option "_source" "server/udev"
[    42.079] (II) event5  - HP WMI hotkeys: is tagged by udev as: Keyboard Switch
[    42.079] (II) event5  - HP WMI hotkeys: device is a keyboard
[    42.079] (II) event5  - HP WMI hotkeys: device removed
[    42.079] (**) Option "config_info" "udev:/sys/devices/virtual/input/input11/event5"
[    42.079] (II) XINPUT: Adding extended input device "HP WMI hotkeys" (type: KEYBOARD, id 18)
[    42.081] (II) event5  - HP WMI hotkeys: is tagged by udev as: Keyboard Switch
[    42.081] (II) event5  - HP WMI hotkeys: device is a keyboard
[    42.082] (II) config/udev: Adding input device HP Wireless hotkeys (/dev/input/event4)
[    42.082] (**) HP Wireless hotkeys: Applying InputClass "libinput keyboard catchall"
[    42.082] (II) Using input driver 'libinput' for 'HP Wireless hotkeys'
[    42.084] (II) systemd-logind: got fd for /dev/input/event4 13:68 fd 33 paused 0
[    42.084] (**) HP Wireless hotkeys: always reports core events
[    42.084] (**) Option "Device" "/dev/input/event4"
[    42.084] (**) Option "_source" "server/udev"
[    42.085] (II) event4  - HP Wireless hotkeys: is tagged by udev as: Keyboard
[    42.085] (II) event4  - HP Wireless hotkeys: device is a keyboard
[    42.086] (II) event4  - HP Wireless hotkeys: device removed
[    42.086] (**) Option "config_info" "udev:/sys/devices/virtual/input/input8/event4"
[    42.086] (II) XINPUT: Adding extended input device "HP Wireless hotkeys" (type: KEYBOARD, id 19)
[    42.087] (II) event4  - HP Wireless hotkeys: is tagged by udev as: Keyboard
[    42.087] (II) event4  - HP Wireless hotkeys: device is a keyboard
[    42.125] (**) USB Keyboard Consumer Control: Applying InputClass "libinput keyboard catchall"
[    42.125] (II) Using input driver 'libinput' for 'USB Keyboard Consumer Control'
[    42.125] (II) systemd-logind: returning pre-existing fd for /dev/input/event23 13:87
[    42.125] (**) USB Keyboard Consumer Control: always reports core events
[    42.125] (**) Option "Device" "/dev/input/event23"
[    42.125] (**) Option "_source" "_driver/libinput"
[    42.125] (II) libinput: USB Keyboard Consumer Control: is a virtual subdevice
[    42.125] (**) Option "config_info" "udev:/sys/devices/pci0000:00/0000:00:14.0/usb1/1-2/1-2.2/1-2.2:1.1/0003:0C45:7603.0003/input/input29/event23"
[    42.125] (II) XINPUT: Adding extended input device "USB Keyboard Consumer Control" (type: KEYBOARD, id 20)
[    42.210] (II) intel(0): EDID vendor "CMN", prod id 5312
[    42.210] (II) intel(0): Printing DDC gathered Modelines:
[    42.210] (II) intel(0): Modeline "1920x1080"x0.0  152.84  1920 2000 2060 2250  1080 1086 1094 1132 +hsync -vsync (67.9 kHz eP)
[    42.210] (II) intel(0): Modeline "1920x1080"x0.0  101.89  1920 2000 2060 2250  1080 1086 1094 1132 +hsync -vsync (45.3 kHz e)
[    42.296] (II) intel(0): resizing framebuffer to 3840x1080
[    42.342] (II) intel(0): switch to mode 1920x1080@60.0 on eDP1 using pipe 0, position (1920, 0), rotation normal, reflection none
[   375.693] (EE) event21 - 2.4G Wireless Mouse: client bug: event processing lagging behind by 12ms, your system is too slow
[  1218.627] (EE) event21 - 2.4G Wireless Mouse: client bug: event processing lagging behind by 13ms, your system is too slow
[  4647.886] (EE) event21 - 2.4G Wireless Mouse: client bug: event processing lagging behind by 292ms, your system is too slow
[  4647.887] (EE) client bug: timer event21 debounce: scheduled expiry is in the past (-219ms), your system is too slow
[  4647.887] (EE) client bug: timer event21 debounce: scheduled expiry is in the past (-131ms), your system is too slow
[  4647.887] (EE) client bug: timer event21 debounce short: scheduled expiry is in the past (-144ms), your system is too slow
[  5340.668] (EE) event21 - 2.4G Wireless Mouse: client bug: event processing lagging behind by 12ms, your system is too slow
[  5431.157] (EE) event21 - 2.4G Wireless Mouse: client bug: event processing lagging behind by 12ms, your system is too slow
[  5586.918] (EE) client bug: timer event21 debounce short: scheduled expiry is in the past (-11ms), your system is too slow
[  6377.199] (EE) event22 - USB Keyboard: client bug: event processing lagging behind by 35ms, your system is too slow
